
> frontend@0.1.0 lint
> eslint


C:\Users\echev\Desktop\red_social\frontend\components\calls\VideoCall.tsx
  189:5  error  Error: Calling setState synchronously within an effect can trigger cascading renders

Effects are intended to synchronize state between React and external systems such as manually updating the DOM, state management libraries, or other platform APIs. In general, the body of an effect should do one or both of the following:
* Update external systems with the latest state from React.
* Subscribe for updates from some external system, calling setState in a callback function when external state changes.

Calling setState synchronously within an effect body causes cascading renders that can hurt performance, and is not recommended. (https://react.dev/learn/you-might-not-need-an-effect).

C:\Users\echev\Desktop\red_social\frontend\components\calls\VideoCall.tsx:189:5
  187 |
  188 |   useEffect(() => {
> 189 |     initCall();
      |     ^^^^^^^^ Avoid calling setState() directly within an effect
  190 |     return () => cleanup();
  191 |   }, []);
  192 |  react-hooks/set-state-in-effect

C:\Users\echev\Desktop\red_social\frontend\components\notifications\NotificationBell.tsx
  68:7  error  Error: Calling setState synchronously within an effect can trigger cascading renders

Effects are intended to synchronize state between React and external systems such as manually updating the DOM, state management libraries, or other platform APIs. In general, the body of an effect should do one or both of the following:
* Update external systems with the latest state from React.
* Subscribe for updates from some external system, calling setState in a callback function when external state changes.

Calling setState synchronously within an effect body causes cascading renders that can hurt performance, and is not recommended. (https://react.dev/learn/you-might-not-need-an-effect).

C:\Users\echev\Desktop\red_social\frontend\components\notifications\NotificationBell.tsx:68:7
  66 |   useEffect(() => {
  67 |     if (realtimeUnreadCount > 0) {
> 68 |       setUnreadCount(realtimeUnreadCount);
     |       ^^^^^^^^^^^^^^ Avoid calling setState() directly within an effect
  69 |     }
  70 |   }, [realtimeUnreadCount]);
  71 |  react-hooks/set-state-in-effect

C:\Users\echev\Desktop\red_social\frontend\components\streaming\LiveStreamBroadcaster.tsx
  155:5  error  Error: Calling setState synchronously within an effect can trigger cascading renders

Effects are intended to synchronize state between React and external systems such as manually updating the DOM, state management libraries, or other platform APIs. In general, the body of an effect should do one or both of the following:
* Update external systems with the latest state from React.
* Subscribe for updates from some external system, calling setState in a callback function when external state changes.

Calling setState synchronously within an effect body causes cascading renders that can hurt performance, and is not recommended. (https://react.dev/learn/you-might-not-need-an-effect).

C:\Users\echev\Desktop\red_social\frontend\components\streaming\LiveStreamBroadcaster.tsx:155:5
  153 |
  154 |   useEffect(() => {
> 155 |     initBroadcast();
      |     ^^^^^^^^^^^^^ Avoid calling setState() directly within an effect
  156 |     return () => cleanup();
  157 |   }, []);
  158 |  react-hooks/set-state-in-effect

 3 problems (3 errors, 0 warnings)

